<?xml version="1.0" encoding="UTF-8"?>
<!-- Generated by org.testng.reporters.JUnitXMLReporter -->
<testsuite ignored="1" hostname="GalaxyBook2" failures="0" tests="6" name="Tests" time="7.601" errors="0" timestamp="12 Jul 2023 04:32:16 GMT">
  <testcase classname="com.sample.test.demo.tests.OrderEntryTest" name="positiveTest1" time="0.95"/>
  <testcase classname="com.sample.test.demo.tests.OrderEntryTest" name="positiveTest2" time="0.857"/>
  <testcase classname="com.sample.test.demo.tests.OrderEntryTest" name="negativeTest2" time="0.824"/>
  <testcase classname="com.sample.test.demo.tests.OrderEntryTest" name="negativeTest1" time="0.72"/>
  <testcase classname="com.sample.test.demo.tests.OrderEntryTest" name="boundaryTest1" time="0.894"/>
  <testcase classname="com.sample.test.demo.tests.OrderEntryTest" name="boundaryTest2" time="0.797"/>
  <testcase classname="com.sample.test.demo.tests.OrderEntryTest" name="excludeTest" time="0.0">
    <ignored/>
  </testcase> <!-- excludeTest -->
</testsuite> <!-- Tests -->
