<?xml version="1.0" encoding="UTF-8"?>
<!-- Generated by org.testng.reporters.JUnitXMLReporter -->
<testsuite ignored="5" hostname="GalaxyBook2" failures="0" tests="1" name="Default test" time="4.042" errors="0" timestamp="12 Jul 2023 03:38:10 GMT">
  <testcase classname="com.sample.test.demo.tests.OrderEntryTest" name="positiveTest1" time="1.265"/>
  <testcase classname="com.sample.test.demo.tests.OrderEntryTest" name="boundaryTest1" time="0.0">
    <ignored/>
  </testcase> <!-- boundaryTest1 -->
  <testcase classname="com.sample.test.demo.tests.OrderEntryTest" name="boundaryTest2" time="0.0">
    <ignored/>
  </testcase> <!-- boundaryTest2 -->
  <testcase classname="com.sample.test.demo.tests.OrderEntryTest" name="negativeTest2" time="0.0">
    <ignored/>
  </testcase> <!-- negativeTest2 -->
  <testcase classname="com.sample.test.demo.tests.OrderEntryTest" name="negativeTest1" time="0.0">
    <ignored/>
  </testcase> <!-- negativeTest1 -->
  <testcase classname="com.sample.test.demo.tests.OrderEntryTest" name="positiveTest2" time="0.0">
    <ignored/>
  </testcase> <!-- positiveTest2 -->
</testsuite> <!-- Default test -->
