<?xml version="1.0" encoding="UTF-8"?>
<!-- Generated by org.testng.reporters.JUnitXMLReporter -->
<testsuite ignored="0" hostname="GalaxyBook2" failures="0" tests="6" name="Tests" time="8.751" errors="0" timestamp="12 Jul 2023 03:31:41 GMT">
  <testcase classname="com.sample.test.demo.tests.DemoTest" name="boundaryTest1" time="1.067"/>
  <testcase classname="com.sample.test.demo.tests.DemoTest" name="boundaryTest2" time="1.01"/>
  <testcase classname="com.sample.test.demo.tests.DemoTest" name="negativeTest1" time="0.77"/>
  <testcase classname="com.sample.test.demo.tests.DemoTest" name="negativeTest2" time="0.785"/>
  <testcase classname="com.sample.test.demo.tests.DemoTest" name="positiveTest1" time="1.013"/>
  <testcase classname="com.sample.test.demo.tests.DemoTest" name="positiveTest2" time="1.068"/>
</testsuite> <!-- Tests -->
